<?xml version="1.0" encoding="UTF-8"?>
<!-- Generated by org.testng.reporters.JUnitReportReporter -->
<testsuite hostname="Raton" failures="1" tests="20" name="runners.CucumberRunner" time="344.773" errors="3" timestamp="2023-01-28T20:29:28 EST" skipped="0">
  <testcase classname="runners.CucumberRunner" name="runScenario" time="9.934"/>
  <system-out/>
  <testcase classname="runners.CucumberRunner" name="runScenario" time="21.101"/>
  <system-out/>
  <testcase classname="runners.CucumberRunner" name="runScenario" time="16.098"/>
  <system-out/>
  <testcase classname="runners.CucumberRunner" name="runScenario" time="7.788"/>
  <system-out/>
  <testcase classname="runners.CucumberRunner" name="runScenario" time="16.179"/>
  <system-out/>
  <testcase classname="runners.CucumberRunner" name="runScenario" time="54.738">
    <error message="no such element: Unable to locate element: {&quot;method&quot;:&quot;xpath&quot;,&quot;selector&quot;:&quot;//*[@id=&quot;browse-search-dimensions&quot;]/div/div[1]/div/div[2]/div/div[4]/div&quot;}
  (Session info: chrome=109.0.5414.120)
For documentation on this error, please visit: https://selenium.dev/exceptions/#no_such_element
Build info: version: &#039;4.7.0&#039;, revision: &#039;0a5b49d16f&#039;
System info: os.name: &#039;Windows 11&#039;, os.arch: &#039;amd64&#039;, os.version: &#039;10.0&#039;, java.version: &#039;17.0.3.1&#039;
Driver info: org.openqa.selenium.chrome.ChromeDriver
Command: [f50553ce75a6a7c77d48c624cc5a0188, findElement {using=xpath, value=//*[@id=&quot;browse-search-dimensions&quot;]/div/div[1]/div/div[2]/div/div[4]/div}]
Capabilities {acceptInsecureCerts: false, browserName: chrome, browserVersion: 109.0.5414.120, chrome: {chromedriverVersion: 109.0.5414.74 (e7c5703604da..., userDataDir: C:\Users\raton\AppData\Loca...}, goog:chromeOptions: {debuggerAddress: localhost:63547}, networkConnectionEnabled: false, pageLoadStrategy: normal, platformName: WINDOWS, proxy: Proxy(), se:cdp: ws://localhost:63547/devtoo..., se:cdpVersion: 109.0.5414.120, setWindowRect: true, strictFileInteractability: false, timeouts: {implicit: 0, pageLoad: 300000, script: 30000}, unhandledPromptBehavior: dismiss and notify, webauthn:extension:credBlob: true, webauthn:extension:largeBlob: true, webauthn:virtualAuthenticators: true}
Session ID: f50553ce75a6a7c77d48c624cc5a0188" type="org.openqa.selenium.NoSuchElementException">
      <![CDATA[org.openqa.selenium.NoSuchElementException: no such element: Unable to locate element: {"method":"xpath","selector":"//*[@id="browse-search-dimensions"]/div/div[1]/div/div[2]/div/div[4]/div"}
  (Session info: chrome=109.0.5414.120)
For documentation on this error, please visit: https://selenium.dev/exceptions/#no_such_element
Build info: version: '4.7.0', revision: '0a5b49d16f'
System info: os.name: 'Windows 11', os.arch: 'amd64', os.version: '10.0', java.version: '17.0.3.1'
Driver info: org.openqa.selenium.chrome.ChromeDriver
Command: [f50553ce75a6a7c77d48c624cc5a0188, findElement {using=xpath, value=//*[@id="browse-search-dimensions"]/div/div[1]/div/div[2]/div/div[4]/div}]
Capabilities {acceptInsecureCerts: false, browserName: chrome, browserVersion: 109.0.5414.120, chrome: {chromedriverVersion: 109.0.5414.74 (e7c5703604da..., userDataDir: C:\Users\raton\AppData\Loca...}, goog:chromeOptions: {debuggerAddress: localhost:63547}, networkConnectionEnabled: false, pageLoadStrategy: normal, platformName: WINDOWS, proxy: Proxy(), se:cdp: ws://localhost:63547/devtoo..., se:cdpVersion: 109.0.5414.120, setWindowRect: true, strictFileInteractability: false, timeouts: {implicit: 0, pageLoad: 300000, script: 30000}, unhandledPromptBehavior: dismiss and notify, webauthn:extension:credBlob: true, webauthn:extension:largeBlob: true, webauthn:virtualAuthenticators: true}
Session ID: f50553ce75a6a7c77d48c624cc5a0188
at java.base/jdk.internal.reflect.NativeConstructorAccessorImpl.newInstance0(Native Method)
at java.base/jdk.internal.reflect.NativeConstructorAccessorImpl.newInstance(NativeConstructorAccessorImpl.java:77)
at java.base/jdk.internal.reflect.DelegatingConstructorAccessorImpl.newInstance(DelegatingConstructorAccessorImpl.java:45)
at java.base/java.lang.reflect.Constructor.newInstanceWithCaller(Constructor.java:499)
at java.base/java.lang.reflect.Constructor.newInstance(Constructor.java:480)
at org.openqa.selenium.remote.codec.w3c.W3CHttpResponseCodec.createException(W3CHttpResponseCodec.java:200)
at org.openqa.selenium.remote.codec.w3c.W3CHttpResponseCodec.decode(W3CHttpResponseCodec.java:133)
at org.openqa.selenium.remote.codec.w3c.W3CHttpResponseCodec.decode(W3CHttpResponseCodec.java:53)
at org.openqa.selenium.remote.HttpCommandExecutor.execute(HttpCommandExecutor.java:184)
at org.openqa.selenium.remote.service.DriverCommandExecutor.invokeExecute(DriverCommandExecutor.java:167)
at org.openqa.selenium.remote.service.DriverCommandExecutor.execute(DriverCommandExecutor.java:142)
at org.openqa.selenium.remote.RemoteWebDriver.execute(RemoteWebDriver.java:541)
at org.openqa.selenium.remote.ElementLocation$ElementFinder$2.findElement(ElementLocation.java:162)
at org.openqa.selenium.remote.ElementLocation.findElement(ElementLocation.java:60)
at org.openqa.selenium.remote.RemoteWebDriver.findElement(RemoteWebDriver.java:365)
at org.openqa.selenium.remote.RemoteWebDriver.findElement(RemoteWebDriver.java:357)
at org.openqa.selenium.support.pagefactory.DefaultElementLocator.findElement(DefaultElementLocator.java:70)
at org.openqa.selenium.support.pagefactory.internal.LocatingElementHandler.invoke(LocatingElementHandler.java:39)
at jdk.proxy2/jdk.proxy2.$Proxy30.click(Unknown Source)
at stepdefination.NextDayDeliveryDefinations.click_in_next_day_delivery(NextDayDeliveryDefinations.java:20)
at ✽.Click in Next day delivery(file:///C:/Users/raton/git/thehomedepot2/src/test/resources/features/NextDayDelivery.feature:7)
]]>
    </error>
  </testcase> <!-- runScenario -->
  <system-out/>
  <testcase classname="runners.CucumberRunner" name="runScenario" time="8.690"/>
  <system-out/>
  <testcase classname="runners.CucumberRunner" name="runScenario" time="7.828"/>
  <system-out/>
  <testcase classname="runners.CucumberRunner" name="runScenario" time="25.658">
    <failure message="expected [Your recent searches] but found []" type="java.lang.AssertionError">
      <![CDATA[java.lang.AssertionError: expected [Your recent searches] but found []
at org.testng.Assert.fail(Assert.java:110)
at org.testng.Assert.failNotEquals(Assert.java:1413)
at org.testng.Assert.assertEqualsImpl(Assert.java:149)
at org.testng.Assert.assertEquals(Assert.java:131)
at org.testng.Assert.assertEquals(Assert.java:655)
at org.testng.Assert.assertEquals(Assert.java:665)
at stepdefination.YourRecentSearchesDefinations.all_the_recent_search_items_appear(YourRecentSearchesDefinations.java:31)
at ✽.all the recent search items appear(file:///C:/Users/raton/git/thehomedepot2/src/test/resources/features/YourRecentSearches.feature:9)
]]>
    </failure>
  </testcase> <!-- runScenario -->
  <system-out/>
  <testcase classname="runners.CucumberRunner" name="runScenario" time="31.306"/>
  <system-out/>
  <testcase classname="runners.CucumberRunner" name="runScenario" time="10.800"/>
  <system-out/>
  <testcase classname="runners.CucumberRunner" name="runScenario" time="8.755"/>
  <system-out/>
  <testcase classname="runners.CucumberRunner" name="runScenario" time="2.201">
    <error message="element click intercepted: Element &lt;a data-id=&quot;diyProjectsIdeas&quot; class=&quot;ShoppingLinks__link&quot; href=&quot;//www.homedepot.com/c/diy_projects_and_ideas&quot;&gt;...&lt;/a&gt; is not clickable at point (592, 115). Other element would receive the click: &lt;div class=&quot;overlay overlay--open&quot; role=&quot;main&quot;&gt;...&lt;/div&gt;
  (Session info: chrome=109.0.5414.120)
Build info: version: &#039;4.7.0&#039;, revision: &#039;0a5b49d16f&#039;
System info: os.name: &#039;Windows 11&#039;, os.arch: &#039;amd64&#039;, os.version: &#039;10.0&#039;, java.version: &#039;17.0.3.1&#039;
Driver info: org.openqa.selenium.chrome.ChromeDriver
Command: [f50553ce75a6a7c77d48c624cc5a0188, clickElement {id=b5ebed4e-e1d9-4fad-ab58-0417e942a5c2}]
Capabilities {acceptInsecureCerts: false, browserName: chrome, browserVersion: 109.0.5414.120, chrome: {chromedriverVersion: 109.0.5414.74 (e7c5703604da..., userDataDir: C:\Users\raton\AppData\Loca...}, goog:chromeOptions: {debuggerAddress: localhost:63547}, networkConnectionEnabled: false, pageLoadStrategy: normal, platformName: WINDOWS, proxy: Proxy(), se:cdp: ws://localhost:63547/devtoo..., se:cdpVersion: 109.0.5414.120, setWindowRect: true, strictFileInteractability: false, timeouts: {implicit: 0, pageLoad: 300000, script: 30000}, unhandledPromptBehavior: dismiss and notify, webauthn:extension:credBlob: true, webauthn:extension:largeBlob: true, webauthn:virtualAuthenticators: true}
Element: [[ChromeDriver: chrome on WINDOWS (f50553ce75a6a7c77d48c624cc5a0188)] -&gt; xpath: /html//div[@id=&#039;header&#039;]//ul[@class=&#039;ShoppingLinks&#039;]//a[@href=&#039;//www.homedepot.com/c/diy_projects_and_ideas&#039;]]
Session ID: f50553ce75a6a7c77d48c624cc5a0188" type="org.openqa.selenium.ElementClickInterceptedException">
      <![CDATA[org.openqa.selenium.ElementClickInterceptedException: element click intercepted: Element <a data-id="diyProjectsIdeas" class="ShoppingLinks__link" href="//www.homedepot.com/c/diy_projects_and_ideas">...</a> is not clickable at point (592, 115). Other element would receive the click: <div class="overlay overlay--open" role="main">...</div>
  (Session info: chrome=109.0.5414.120)
Build info: version: '4.7.0', revision: '0a5b49d16f'
System info: os.name: 'Windows 11', os.arch: 'amd64', os.version: '10.0', java.version: '17.0.3.1'
Driver info: org.openqa.selenium.chrome.ChromeDriver
Command: [f50553ce75a6a7c77d48c624cc5a0188, clickElement {id=b5ebed4e-e1d9-4fad-ab58-0417e942a5c2}]
Capabilities {acceptInsecureCerts: false, browserName: chrome, browserVersion: 109.0.5414.120, chrome: {chromedriverVersion: 109.0.5414.74 (e7c5703604da..., userDataDir: C:\Users\raton\AppData\Loca...}, goog:chromeOptions: {debuggerAddress: localhost:63547}, networkConnectionEnabled: false, pageLoadStrategy: normal, platformName: WINDOWS, proxy: Proxy(), se:cdp: ws://localhost:63547/devtoo..., se:cdpVersion: 109.0.5414.120, setWindowRect: true, strictFileInteractability: false, timeouts: {implicit: 0, pageLoad: 300000, script: 30000}, unhandledPromptBehavior: dismiss and notify, webauthn:extension:credBlob: true, webauthn:extension:largeBlob: true, webauthn:virtualAuthenticators: true}
Element: [[ChromeDriver: chrome on WINDOWS (f50553ce75a6a7c77d48c624cc5a0188)] -> xpath: /html//div[@id='header']//ul[@class='ShoppingLinks']//a[@href='//www.homedepot.com/c/diy_projects_and_ideas']]
Session ID: f50553ce75a6a7c77d48c624cc5a0188
at java.base/jdk.internal.reflect.NativeConstructorAccessorImpl.newInstance0(Native Method)
at java.base/jdk.internal.reflect.NativeConstructorAccessorImpl.newInstance(NativeConstructorAccessorImpl.java:77)
at java.base/jdk.internal.reflect.DelegatingConstructorAccessorImpl.newInstance(DelegatingConstructorAccessorImpl.java:45)
at java.base/java.lang.reflect.Constructor.newInstanceWithCaller(Constructor.java:499)
at java.base/java.lang.reflect.Constructor.newInstance(Constructor.java:480)
at org.openqa.selenium.remote.codec.w3c.W3CHttpResponseCodec.createException(W3CHttpResponseCodec.java:200)
at org.openqa.selenium.remote.codec.w3c.W3CHttpResponseCodec.decode(W3CHttpResponseCodec.java:133)
at org.openqa.selenium.remote.codec.w3c.W3CHttpResponseCodec.decode(W3CHttpResponseCodec.java:53)
at org.openqa.selenium.remote.HttpCommandExecutor.execute(HttpCommandExecutor.java:184)
at org.openqa.selenium.remote.service.DriverCommandExecutor.invokeExecute(DriverCommandExecutor.java:167)
at org.openqa.selenium.remote.service.DriverCommandExecutor.execute(DriverCommandExecutor.java:142)
at org.openqa.selenium.remote.RemoteWebDriver.execute(RemoteWebDriver.java:541)
at org.openqa.selenium.remote.RemoteWebElement.execute(RemoteWebElement.java:257)
at org.openqa.selenium.remote.RemoteWebElement.click(RemoteWebElement.java:78)
at jdk.internal.reflect.GeneratedMethodAccessor90.invoke(Unknown Source)
at java.base/jdk.internal.reflect.DelegatingMethodAccessorImpl.invoke(DelegatingMethodAccessorImpl.java:43)
at java.base/java.lang.reflect.Method.invoke(Method.java:568)
at org.openqa.selenium.support.pagefactory.internal.LocatingElementHandler.invoke(LocatingElementHandler.java:52)
at jdk.proxy2/jdk.proxy2.$Proxy30.click(Unknown Source)
at stepdefination.WoodProjectsKitchenCheckboxDefinations.diy_projects_ideas_page_is_open(WoodProjectsKitchenCheckboxDefinations.java:18)
at ✽.DIY Projects & Ideas page is open(file:///C:/Users/raton/git/thehomedepot2/src/test/resources/features/WoodProjectsKitchenCheckbox.feature:4)
]]>
    </error>
  </testcase> <!-- runScenario -->
  <system-out/>
  <testcase classname="runners.CucumberRunner" name="runScenario" time="9.599"/>
  <system-out/>
  <testcase classname="runners.CucumberRunner" name="runScenario" time="20.713"/>
  <system-out/>
  <testcase classname="runners.CucumberRunner" name="runScenario" time="1.115">
    <error message="element click intercepted: Element &lt;a data-id=&quot;diyProjectsIdeas&quot; class=&quot;ShoppingLinks__link&quot; href=&quot;//www.homedepot.com/c/diy_projects_and_ideas&quot;&gt;...&lt;/a&gt; is not clickable at point (592, 115). Other element would receive the click: &lt;div class=&quot;overlay overlay--open&quot; role=&quot;main&quot;&gt;...&lt;/div&gt;
  (Session info: chrome=109.0.5414.120)
Build info: version: &#039;4.7.0&#039;, revision: &#039;0a5b49d16f&#039;
System info: os.name: &#039;Windows 11&#039;, os.arch: &#039;amd64&#039;, os.version: &#039;10.0&#039;, java.version: &#039;17.0.3.1&#039;
Driver info: org.openqa.selenium.chrome.ChromeDriver
Command: [f50553ce75a6a7c77d48c624cc5a0188, clickElement {id=b5ebed4e-e1d9-4fad-ab58-0417e942a5c2}]
Capabilities {acceptInsecureCerts: false, browserName: chrome, browserVersion: 109.0.5414.120, chrome: {chromedriverVersion: 109.0.5414.74 (e7c5703604da..., userDataDir: C:\Users\raton\AppData\Loca...}, goog:chromeOptions: {debuggerAddress: localhost:63547}, networkConnectionEnabled: false, pageLoadStrategy: normal, platformName: WINDOWS, proxy: Proxy(), se:cdp: ws://localhost:63547/devtoo..., se:cdpVersion: 109.0.5414.120, setWindowRect: true, strictFileInteractability: false, timeouts: {implicit: 0, pageLoad: 300000, script: 30000}, unhandledPromptBehavior: dismiss and notify, webauthn:extension:credBlob: true, webauthn:extension:largeBlob: true, webauthn:virtualAuthenticators: true}
Element: [[ChromeDriver: chrome on WINDOWS (f50553ce75a6a7c77d48c624cc5a0188)] -&gt; xpath: /html//div[@id=&#039;header&#039;]//ul[@class=&#039;ShoppingLinks&#039;]//a[@href=&#039;//www.homedepot.com/c/diy_projects_and_ideas&#039;]]
Session ID: f50553ce75a6a7c77d48c624cc5a0188" type="org.openqa.selenium.ElementClickInterceptedException">
      <![CDATA[org.openqa.selenium.ElementClickInterceptedException: element click intercepted: Element <a data-id="diyProjectsIdeas" class="ShoppingLinks__link" href="//www.homedepot.com/c/diy_projects_and_ideas">...</a> is not clickable at point (592, 115). Other element would receive the click: <div class="overlay overlay--open" role="main">...</div>
  (Session info: chrome=109.0.5414.120)
Build info: version: '4.7.0', revision: '0a5b49d16f'
System info: os.name: 'Windows 11', os.arch: 'amd64', os.version: '10.0', java.version: '17.0.3.1'
Driver info: org.openqa.selenium.chrome.ChromeDriver
Command: [f50553ce75a6a7c77d48c624cc5a0188, clickElement {id=b5ebed4e-e1d9-4fad-ab58-0417e942a5c2}]
Capabilities {acceptInsecureCerts: false, browserName: chrome, browserVersion: 109.0.5414.120, chrome: {chromedriverVersion: 109.0.5414.74 (e7c5703604da..., userDataDir: C:\Users\raton\AppData\Loca...}, goog:chromeOptions: {debuggerAddress: localhost:63547}, networkConnectionEnabled: false, pageLoadStrategy: normal, platformName: WINDOWS, proxy: Proxy(), se:cdp: ws://localhost:63547/devtoo..., se:cdpVersion: 109.0.5414.120, setWindowRect: true, strictFileInteractability: false, timeouts: {implicit: 0, pageLoad: 300000, script: 30000}, unhandledPromptBehavior: dismiss and notify, webauthn:extension:credBlob: true, webauthn:extension:largeBlob: true, webauthn:virtualAuthenticators: true}
Element: [[ChromeDriver: chrome on WINDOWS (f50553ce75a6a7c77d48c624cc5a0188)] -> xpath: /html//div[@id='header']//ul[@class='ShoppingLinks']//a[@href='//www.homedepot.com/c/diy_projects_and_ideas']]
Session ID: f50553ce75a6a7c77d48c624cc5a0188
at java.base/jdk.internal.reflect.NativeConstructorAccessorImpl.newInstance0(Native Method)
at java.base/jdk.internal.reflect.NativeConstructorAccessorImpl.newInstance(NativeConstructorAccessorImpl.java:77)
at java.base/jdk.internal.reflect.DelegatingConstructorAccessorImpl.newInstance(DelegatingConstructorAccessorImpl.java:45)
at java.base/java.lang.reflect.Constructor.newInstanceWithCaller(Constructor.java:499)
at java.base/java.lang.reflect.Constructor.newInstance(Constructor.java:480)
at org.openqa.selenium.remote.codec.w3c.W3CHttpResponseCodec.createException(W3CHttpResponseCodec.java:200)
at org.openqa.selenium.remote.codec.w3c.W3CHttpResponseCodec.decode(W3CHttpResponseCodec.java:133)
at org.openqa.selenium.remote.codec.w3c.W3CHttpResponseCodec.decode(W3CHttpResponseCodec.java:53)
at org.openqa.selenium.remote.HttpCommandExecutor.execute(HttpCommandExecutor.java:184)
at org.openqa.selenium.remote.service.DriverCommandExecutor.invokeExecute(DriverCommandExecutor.java:167)
at org.openqa.selenium.remote.service.DriverCommandExecutor.execute(DriverCommandExecutor.java:142)
at org.openqa.selenium.remote.RemoteWebDriver.execute(RemoteWebDriver.java:541)
at org.openqa.selenium.remote.RemoteWebElement.execute(RemoteWebElement.java:257)
at org.openqa.selenium.remote.RemoteWebElement.click(RemoteWebElement.java:78)
at jdk.internal.reflect.GeneratedMethodAccessor90.invoke(Unknown Source)
at java.base/jdk.internal.reflect.DelegatingMethodAccessorImpl.invoke(DelegatingMethodAccessorImpl.java:43)
at java.base/java.lang.reflect.Method.invoke(Method.java:568)
at org.openqa.selenium.support.pagefactory.internal.LocatingElementHandler.invoke(LocatingElementHandler.java:52)
at jdk.proxy2/jdk.proxy2.$Proxy30.click(Unknown Source)
at stepdefination.VideoPlaybackCloseDefination.the_video_player_is_playing_a_video_in_the_diy_projects_ideas_page(VideoPlaybackCloseDefination.java:18)
at ✽.the video player is playing a video in the DIY Projects & Ideas page(file:///C:/Users/raton/git/thehomedepot2/src/test/resources/features/VideoPlaybackClose.feature:3)
]]>
    </error>
  </testcase> <!-- runScenario -->
  <system-out/>
  <testcase classname="runners.CucumberRunner" name="runScenario" time="12.758"/>
  <system-out/>
  <testcase classname="runners.CucumberRunner" name="runScenario" time="33.689"/>
  <system-out/>
  <testcase classname="runners.CucumberRunner" name="runScenario" time="31.299"/>
  <system-out/>
  <testcase classname="runners.CucumberRunner" name="runScenario" time="14.524"/>
  <system-out/>
</testsuite> <!-- runners.CucumberRunner -->
